0 info it worked if it ends with ok
1 verbose cli [ 'C:\\Program Files\\nodejs\\\\node.exe',
1 verbose cli   'C:\\Program Files\\nodejs\\node_modules\\npm\\bin\\npm-cli.js',
1 verbose cli   'install',
1 verbose cli   'ccap' ]
2 info using npm@2.11.3
3 info using node@v0.12.7
4 verbose install initial load of D:\workspace\zrcv\package.json
5 verbose installManyTop reading scoped package data from D:\workspace\zrcv\node_modules\connect\package.json
6 verbose installManyTop reading scoped package data from D:\workspace\zrcv\node_modules\connect-mongo\package.json
7 verbose installManyTop reading scoped package data from D:\workspace\zrcv\node_modules\ejs\package.json
8 verbose installManyTop reading scoped package data from D:\workspace\zrcv\node_modules\express\package.json
9 verbose installManyTop reading scoped package data from D:\workspace\zrcv\node_modules\express-session\package.json
10 verbose installManyTop reading scoped package data from D:\workspace\zrcv\node_modules\log4js\package.json
11 verbose installManyTop reading scoped package data from D:\workspace\zrcv\node_modules\mongodb\package.json
12 verbose installManyTop reading scoped package data from D:\workspace\zrcv\node_modules\mongoose\package.json
13 verbose installManyTop reading scoped package data from D:\workspace\zrcv\node_modules\session-mongoose\package.json
14 verbose installManyTop reading scoped package data from D:\workspace\zrcv\node_modules\socket.io\package.json
15 info package.json ejs@0.8.3 No license field.
16 info package.json express@3.0.0rc4 No license field.
17 info package.json session-mongoose@0.5.2 No license field.
18 info package.json connect-mongo@0.2.0 No repository field.
19 info package.json connect-mongo@0.2.0 No license field.
20 info package.json mongodb@1.1.7 No license field.
21 info package.json connect@2.4.6 No license field.
22 info package.json socket.io@1.3.7 No license field.
23 verbose readDependencies loading dependencies from D:\workspace\zrcv\package.json
24 silly cache add args [ 'ccap', null ]
25 verbose cache add spec ccap
26 silly cache add parsed spec { raw: 'ccap',
26 silly cache add   scope: null,
26 silly cache add   name: 'ccap',
26 silly cache add   rawSpec: '',
26 silly cache add   spec: '*',
26 silly cache add   type: 'range' }
27 silly addNamed ccap@*
28 verbose addNamed "*" is a valid semver range for ccap
29 silly addNameRange { name: 'ccap', range: '*', hasData: false }
30 silly mapToRegistry name ccap
31 silly mapToRegistry using default registry
32 silly mapToRegistry registry https://registry.npmjs.org/
33 silly mapToRegistry uri https://registry.npmjs.org/ccap
34 verbose addNameRange registry:https://registry.npmjs.org/ccap not in flight; fetching
35 verbose request uri https://registry.npmjs.org/ccap
36 verbose request no auth needed
37 info attempt registry request try #1 at 08:48:01
38 verbose request id d4426dce1673db93
39 verbose etag "D574482HZ6AGPMTPW1XAD2H00"
40 http request GET https://registry.npmjs.org/ccap
41 http 304 https://registry.npmjs.org/ccap
42 silly get cb [ 304,
42 silly get   { date: 'Mon, 28 Sep 2015 00:48:02 GMT',
42 silly get     via: '1.1 varnish',
42 silly get     'cache-control': 'max-age=60',
42 silly get     etag: '"D574482HZ6AGPMTPW1XAD2H00"',
42 silly get     age: '0',
42 silly get     connection: 'keep-alive',
42 silly get     'x-served-by': 'cache-nrt6130-NRT',
42 silly get     'x-cache': 'MISS',
42 silly get     'x-cache-hits': '0',
42 silly get     'x-timer': 'S1443401282.938473,VS0,VE710',
42 silly get     vary: 'Accept' } ]
43 verbose etag https://registry.npmjs.org/ccap from cache
44 verbose get saving ccap to C:\Users\Administrator\AppData\Roaming\npm-cache\registry.npmjs.org\ccap\.cache.json
45 silly addNameRange number 2 { name: 'ccap', range: '*', hasData: true }
46 silly addNameRange versions [ 'ccap',
46 silly addNameRange   [ '0.1.0',
46 silly addNameRange     '0.1.1',
46 silly addNameRange     '0.1.2',
46 silly addNameRange     '0.1.3',
46 silly addNameRange     '0.1.4',
46 silly addNameRange     '0.1.5',
46 silly addNameRange     '0.1.6',
46 silly addNameRange     '0.1.7',
46 silly addNameRange     '0.1.8',
46 silly addNameRange     '0.1.9',
46 silly addNameRange     '0.1.10',
46 silly addNameRange     '0.1.11',
46 silly addNameRange     '0.1.12',
46 silly addNameRange     '0.2.0',
46 silly addNameRange     '0.2.1',
46 silly addNameRange     '0.2.2',
46 silly addNameRange     '0.2.3',
46 silly addNameRange     '0.2.4',
46 silly addNameRange     '0.3.0',
46 silly addNameRange     '0.3.1',
46 silly addNameRange     '0.3.2',
46 silly addNameRange     '0.3.3',
46 silly addNameRange     '0.3.4',
46 silly addNameRange     '0.3.6',
46 silly addNameRange     '0.3.7',
46 silly addNameRange     '0.3.8',
46 silly addNameRange     '0.4.0',
46 silly addNameRange     '0.4.1',
46 silly addNameRange     '0.4.3',
46 silly addNameRange     '0.4.4',
46 silly addNameRange     '0.5.0',
46 silly addNameRange     '0.5.1',
46 silly addNameRange     '0.5.2',
46 silly addNameRange     '0.5.3',
46 silly addNameRange     '0.6.0' ] ]
47 silly addNamed ccap@0.6.0
48 verbose addNamed "0.6.0" is a plain semver version for ccap
49 silly cache afterAdd ccap@0.6.0
50 verbose afterAdd C:\Users\Administrator\AppData\Roaming\npm-cache\ccap\0.6.0\package\package.json not in flight; writing
51 verbose afterAdd C:\Users\Administrator\AppData\Roaming\npm-cache\ccap\0.6.0\package\package.json written
52 silly install resolved [ { author:
52 silly install resolved      { name: 'doublespout',
52 silly install resolved        email: 'snoopyxdy@163.com',
52 silly install resolved        url: 'http://snoopyxdy.blog.163.com' },
52 silly install resolved     name: 'ccap',
52 silly install resolved     description: 'node.js generate captcha using c++ library CImg without install any other lib or software',
52 silly install resolved     keywords: [ 'node', 'captcha', 'c++', 'image', 'CImg' ],
52 silly install resolved     version: '0.6.0',
52 silly install resolved     url: 'https://github.com/DoubleSpout/ccap',
52 silly install resolved     homepage: 'https://github.com/DoubleSpout/ccap',
52 silly install resolved     repository:
52 silly install resolved      { type: 'git',
52 silly install resolved        url: 'git+https://github.com/DoubleSpout/ccap.git' },
52 silly install resolved     main: 'index.js',
52 silly install resolved     engines: { node: '>=0.12.0' },
52 silly install resolved     scripts:
52 silly install resolved      { preinstall: 'node make.js',
52 silly install resolved        install: 'node-gyp rebuild',
52 silly install resolved        test: 'node ./test/main_test.js' },
52 silly install resolved     gypfile: true,
52 silly install resolved     _id: 'ccap@0.6.0',
52 silly install resolved     _from: 'ccap@*',
52 silly install resolved     dist:
52 silly install resolved      { shasum: 'e1bde554f5f9cdbf7feb14a5c7b86520d8dfb64a',
52 silly install resolved        tarball: 'http://registry.npmjs.org/ccap/-/ccap-0.6.0.tgz' },
52 silly install resolved     dependencies: { 'node-schedule': '0.1.13', nan: '1.7.0' },
52 silly install resolved     _resolved: 'https://registry.npmjs.org/ccap/-/ccap-0.6.0.tgz',
52 silly install resolved     bugs: { url: 'https://github.com/DoubleSpout/ccap/issues' },
52 silly install resolved     _shasum: 'e1bde554f5f9cdbf7feb14a5c7b86520d8dfb64a',
52 silly install resolved     _npmVersion: '2.5.1',
52 silly install resolved     _nodeVersion: '0.12.0',
52 silly install resolved     _npmUser: { name: 'doublespout', email: 'snoopyxdy@gmail.com' },
52 silly install resolved     maintainers: [ [Object] ],
52 silly install resolved     directories: {},
52 silly install resolved     readme: 'ERROR: No README data found!' } ]
53 info install ccap@0.6.0 into D:\workspace\zrcv
54 info installOne ccap@0.6.0
55 verbose installOne of ccap to D:\workspace\zrcv not in flight; installing
56 verbose lock using C:\Users\Administrator\AppData\Roaming\npm-cache\_locks\ccap-d8895821defe5896.lock for D:\workspace\zrcv\node_modules\ccap
57 silly install write writing ccap 0.6.0 to D:\workspace\zrcv\node_modules\ccap
58 verbose unbuild node_modules\ccap
59 silly gentlyRm D:\workspace\zrcv\node_modules\ccap is being purged from base D:\workspace\zrcv
60 verbose gentlyRm don't care about contents; nuking D:\workspace\zrcv\node_modules\ccap
61 verbose tar unpack C:\Users\Administrator\AppData\Roaming\npm-cache\ccap\0.6.0\package.tgz
62 verbose tar unpacking to D:\workspace\zrcv\node_modules\ccap
63 silly gentlyRm D:\workspace\zrcv\node_modules\ccap is being purged
64 verbose gentlyRm don't care about contents; nuking D:\workspace\zrcv\node_modules\ccap
65 silly gunzTarPerm modes [ '777', '666' ]
66 silly gunzTarPerm extractEntry package.json
67 silly gunzTarPerm modified mode [ 'package.json', 420, 438 ]
68 silly gunzTarPerm extractEntry .npmignore
69 silly gunzTarPerm modified mode [ '.npmignore', 420, 438 ]
70 silly gunzTarPerm extractEntry index.js
71 silly gunzTarPerm modified mode [ 'index.js', 420, 438 ]
72 silly gunzTarPerm extractEntry make.js
73 silly gunzTarPerm modified mode [ 'make.js', 420, 438 ]
74 silly gunzTarPerm extractEntry binding.gyp
75 silly gunzTarPerm modified mode [ 'binding.gyp', 420, 438 ]
76 silly gunzTarPerm extractEntry .travis.yml
77 silly gunzTarPerm modified mode [ '.travis.yml', 420, 438 ]
78 silly gunzTarPerm extractEntry test/main_test.js
79 silly gunzTarPerm modified mode [ 'test/main_test.js', 420, 438 ]
80 silly gunzTarPerm extractEntry lib/dir.js
81 silly gunzTarPerm modified mode [ 'lib/dir.js', 420, 438 ]
82 silly gunzTarPerm extractEntry lib/gen.js
83 silly gunzTarPerm modified mode [ 'lib/gen.js', 420, 438 ]
84 silly gunzTarPerm extractEntry lib/hcap.js
85 silly gunzTarPerm modified mode [ 'lib/hcap.js', 420, 438 ]
86 silly gunzTarPerm extractEntry lib/timer.js
87 silly gunzTarPerm modified mode [ 'lib/timer.js', 420, 438 ]
88 silly gunzTarPerm extractEntry addon/cap.cc
89 silly gunzTarPerm modified mode [ 'addon/cap.cc', 420, 438 ]
90 silly gunzTarPerm extractEntry addon/cap.h
91 silly gunzTarPerm modified mode [ 'addon/cap.h', 420, 438 ]
92 silly gunzTarPerm extractEntry addon/hcaptha.cc
93 silly gunzTarPerm modified mode [ 'addon/hcaptha.cc', 420, 438 ]
94 silly gunzTarPerm extractEntry addon/jpeglib/jddctmgr.c
95 silly gunzTarPerm modified mode [ 'addon/jpeglib/jddctmgr.c', 420, 438 ]
96 silly gunzTarPerm extractEntry addon/jpeglib/CImg.h
97 silly gunzTarPerm modified mode [ 'addon/jpeglib/CImg.h', 420, 438 ]
98 silly gunzTarPerm extractEntry addon/jpeglib/Licence_CeCILL_V2-en.txt
99 silly gunzTarPerm modified mode [ 'addon/jpeglib/Licence_CeCILL_V2-en.txt', 420, 438 ]
100 silly gunzTarPerm extractEntry addon/jpeglib/README.txt
101 silly gunzTarPerm modified mode [ 'addon/jpeglib/README.txt', 420, 438 ]
102 silly gunzTarPerm extractEntry addon/jpeglib/cderror.h
103 silly gunzTarPerm modified mode [ 'addon/jpeglib/cderror.h', 420, 438 ]
104 silly gunzTarPerm extractEntry addon/jpeglib/cdjpeg.h
105 silly gunzTarPerm modified mode [ 'addon/jpeglib/cdjpeg.h', 420, 438 ]
106 silly gunzTarPerm extractEntry addon/jpeglib/jaricom.c
107 silly gunzTarPerm modified mode [ 'addon/jpeglib/jaricom.c', 420, 438 ]
108 silly gunzTarPerm extractEntry addon/jpeglib/jcapimin.c
109 silly gunzTarPerm modified mode [ 'addon/jpeglib/jcapimin.c', 420, 438 ]
110 silly gunzTarPerm extractEntry addon/jpeglib/jcapistd.c
111 silly gunzTarPerm modified mode [ 'addon/jpeglib/jcapistd.c', 420, 438 ]
112 silly gunzTarPerm extractEntry addon/jpeglib/jcarith.c
113 silly gunzTarPerm modified mode [ 'addon/jpeglib/jcarith.c', 420, 438 ]
114 silly gunzTarPerm extractEntry addon/jpeglib/jccoefct.c
115 silly gunzTarPerm modified mode [ 'addon/jpeglib/jccoefct.c', 420, 438 ]
116 silly gunzTarPerm extractEntry addon/jpeglib/jccolor.c
117 silly gunzTarPerm modified mode [ 'addon/jpeglib/jccolor.c', 420, 438 ]
118 silly gunzTarPerm extractEntry addon/jpeglib/jcdctmgr.c
119 silly gunzTarPerm modified mode [ 'addon/jpeglib/jcdctmgr.c', 420, 438 ]
120 silly gunzTarPerm extractEntry addon/jpeglib/jchuff.c
121 silly gunzTarPerm modified mode [ 'addon/jpeglib/jchuff.c', 420, 438 ]
122 silly gunzTarPerm extractEntry addon/jpeglib/jcinit.c
123 silly gunzTarPerm modified mode [ 'addon/jpeglib/jcinit.c', 420, 438 ]
124 silly gunzTarPerm extractEntry addon/jpeglib/jcmainct.c
125 silly gunzTarPerm modified mode [ 'addon/jpeglib/jcmainct.c', 420, 438 ]
126 silly gunzTarPerm extractEntry addon/jpeglib/jcmarker.c
127 silly gunzTarPerm modified mode [ 'addon/jpeglib/jcmarker.c', 420, 438 ]
128 silly gunzTarPerm extractEntry addon/jpeglib/jcmaster.c
129 silly gunzTarPerm modified mode [ 'addon/jpeglib/jcmaster.c', 420, 438 ]
130 silly gunzTarPerm extractEntry addon/jpeglib/jcomapi.c
131 silly gunzTarPerm modified mode [ 'addon/jpeglib/jcomapi.c', 420, 438 ]
132 silly gunzTarPerm extractEntry addon/jpeglib/jconfig.h
133 silly gunzTarPerm modified mode [ 'addon/jpeglib/jconfig.h', 420, 438 ]
134 silly gunzTarPerm extractEntry addon/jpeglib/jcparam.c
135 silly gunzTarPerm modified mode [ 'addon/jpeglib/jcparam.c', 420, 438 ]
136 silly gunzTarPerm extractEntry addon/jpeglib/jcprepct.c
137 silly gunzTarPerm modified mode [ 'addon/jpeglib/jcprepct.c', 420, 438 ]
138 silly gunzTarPerm extractEntry addon/jpeglib/jcsample.c
139 silly gunzTarPerm modified mode [ 'addon/jpeglib/jcsample.c', 420, 438 ]
140 silly gunzTarPerm extractEntry addon/jpeglib/jctrans.c
141 silly gunzTarPerm modified mode [ 'addon/jpeglib/jctrans.c', 420, 438 ]
142 silly gunzTarPerm extractEntry addon/jpeglib/jdapimin.c
143 silly gunzTarPerm modified mode [ 'addon/jpeglib/jdapimin.c', 420, 438 ]
144 silly gunzTarPerm extractEntry addon/jpeglib/jdapistd.c
145 silly gunzTarPerm modified mode [ 'addon/jpeglib/jdapistd.c', 420, 438 ]
146 silly gunzTarPerm extractEntry addon/jpeglib/jdarith.c
147 silly gunzTarPerm modified mode [ 'addon/jpeglib/jdarith.c', 420, 438 ]
148 silly gunzTarPerm extractEntry addon/jpeglib/jdatadst.c
149 silly gunzTarPerm modified mode [ 'addon/jpeglib/jdatadst.c', 420, 438 ]
150 silly gunzTarPerm extractEntry addon/jpeglib/jdatasrc.c
151 silly gunzTarPerm modified mode [ 'addon/jpeglib/jdatasrc.c', 420, 438 ]
152 silly gunzTarPerm extractEntry addon/jpeglib/jdcoefct.c
153 silly gunzTarPerm modified mode [ 'addon/jpeglib/jdcoefct.c', 420, 438 ]
154 silly gunzTarPerm extractEntry addon/jpeglib/jdcolor.c
155 silly gunzTarPerm modified mode [ 'addon/jpeglib/jdcolor.c', 420, 438 ]
156 silly gunzTarPerm extractEntry addon/jpeglib/jdct.h
157 silly gunzTarPerm modified mode [ 'addon/jpeglib/jdct.h', 420, 438 ]
158 silly gunzTarPerm extractEntry addon/jpeglib/Licence_CeCILL-C_V1-en.txt
159 silly gunzTarPerm modified mode [ 'addon/jpeglib/Licence_CeCILL-C_V1-en.txt', 420, 438 ]
160 silly gunzTarPerm extractEntry addon/jpeglib/jdhuff.c
161 silly gunzTarPerm modified mode [ 'addon/jpeglib/jdhuff.c', 420, 438 ]
162 silly gunzTarPerm extractEntry addon/jpeglib/jdinput.c
163 silly gunzTarPerm modified mode [ 'addon/jpeglib/jdinput.c', 420, 438 ]
164 silly gunzTarPerm extractEntry addon/jpeglib/jdmainct.c
165 silly gunzTarPerm modified mode [ 'addon/jpeglib/jdmainct.c', 420, 438 ]
166 silly gunzTarPerm extractEntry addon/jpeglib/jdmarker.c
167 silly gunzTarPerm modified mode [ 'addon/jpeglib/jdmarker.c', 420, 438 ]
168 silly gunzTarPerm extractEntry addon/jpeglib/jdmaster.c
169 silly gunzTarPerm modified mode [ 'addon/jpeglib/jdmaster.c', 420, 438 ]
170 silly gunzTarPerm extractEntry addon/jpeglib/jdmerge.c
171 silly gunzTarPerm modified mode [ 'addon/jpeglib/jdmerge.c', 420, 438 ]
172 silly gunzTarPerm extractEntry addon/jpeglib/jdpostct.c
173 silly gunzTarPerm modified mode [ 'addon/jpeglib/jdpostct.c', 420, 438 ]
174 silly gunzTarPerm extractEntry addon/jpeglib/jdsample.c
175 silly gunzTarPerm modified mode [ 'addon/jpeglib/jdsample.c', 420, 438 ]
176 silly gunzTarPerm extractEntry addon/jpeglib/jdtrans.c
177 silly gunzTarPerm modified mode [ 'addon/jpeglib/jdtrans.c', 420, 438 ]
178 silly gunzTarPerm extractEntry addon/jpeglib/jerror.c
179 silly gunzTarPerm modified mode [ 'addon/jpeglib/jerror.c', 420, 438 ]
180 silly gunzTarPerm extractEntry addon/jpeglib/jerror.h
181 silly gunzTarPerm modified mode [ 'addon/jpeglib/jerror.h', 420, 438 ]
182 silly gunzTarPerm extractEntry addon/jpeglib/jfdctflt.c
183 silly gunzTarPerm modified mode [ 'addon/jpeglib/jfdctflt.c', 420, 438 ]
184 silly gunzTarPerm extractEntry addon/jpeglib/jfdctfst.c
185 silly gunzTarPerm modified mode [ 'addon/jpeglib/jfdctfst.c', 420, 438 ]
186 silly gunzTarPerm extractEntry addon/jpeglib/jfdctint.c
187 silly gunzTarPerm modified mode [ 'addon/jpeglib/jfdctint.c', 420, 438 ]
188 silly gunzTarPerm extractEntry addon/jpeglib/jidctflt.c
189 silly gunzTarPerm modified mode [ 'addon/jpeglib/jidctflt.c', 420, 438 ]
190 silly gunzTarPerm extractEntry addon/jpeglib/jidctfst.c
191 silly gunzTarPerm modified mode [ 'addon/jpeglib/jidctfst.c', 420, 438 ]
192 silly gunzTarPerm extractEntry addon/jpeglib/jidctint.c
193 silly gunzTarPerm modified mode [ 'addon/jpeglib/jidctint.c', 420, 438 ]
194 silly gunzTarPerm extractEntry addon/jpeglib/jinclude.h
195 silly gunzTarPerm modified mode [ 'addon/jpeglib/jinclude.h', 420, 438 ]
196 silly gunzTarPerm extractEntry addon/jpeglib/jmemmgr.c
197 silly gunzTarPerm modified mode [ 'addon/jpeglib/jmemmgr.c', 420, 438 ]
198 silly gunzTarPerm extractEntry addon/jpeglib/jmemnobs.c
199 silly gunzTarPerm modified mode [ 'addon/jpeglib/jmemnobs.c', 420, 438 ]
200 silly gunzTarPerm extractEntry addon/jpeglib/jmemsys.h
201 silly gunzTarPerm modified mode [ 'addon/jpeglib/jmemsys.h', 420, 438 ]
202 silly gunzTarPerm extractEntry addon/jpeglib/jmorecfg.h
203 silly gunzTarPerm modified mode [ 'addon/jpeglib/jmorecfg.h', 420, 438 ]
204 silly gunzTarPerm extractEntry addon/jpeglib/jpegint.h
205 silly gunzTarPerm modified mode [ 'addon/jpeglib/jpegint.h', 420, 438 ]
206 silly gunzTarPerm extractEntry addon/jpeglib/jpeglib.h
207 silly gunzTarPerm modified mode [ 'addon/jpeglib/jpeglib.h', 420, 438 ]
208 silly gunzTarPerm extractEntry addon/jpeglib/jquant1.c
209 silly gunzTarPerm modified mode [ 'addon/jpeglib/jquant1.c', 420, 438 ]
210 silly gunzTarPerm extractEntry addon/jpeglib/jquant2.c
211 silly gunzTarPerm modified mode [ 'addon/jpeglib/jquant2.c', 420, 438 ]
212 silly gunzTarPerm extractEntry addon/jpeglib/jutils.c
213 silly gunzTarPerm modified mode [ 'addon/jpeglib/jutils.c', 420, 438 ]
214 silly gunzTarPerm extractEntry addon/jpeglib/jversion.h
215 silly gunzTarPerm modified mode [ 'addon/jpeglib/jversion.h', 420, 438 ]
216 silly gunzTarPerm extractEntry addon/jpeglib/libjpeg.so
217 silly gunzTarPerm modified mode [ 'addon/jpeglib/libjpeg.so', 420, 438 ]
218 silly gunzTarPerm extractEntry addon/jpeglib/plugins/jpeg_buffer.h
219 silly gunzTarPerm modified mode [ 'addon/jpeglib/plugins/jpeg_buffer.h', 420, 438 ]
220 silly gunzTarPerm extractEntry addon/jpeglib/plugins/add_fileformat.h
221 silly gunzTarPerm modified mode [ 'addon/jpeglib/plugins/add_fileformat.h', 420, 438 ]
222 silly gunzTarPerm extractEntry addon/jpeglib/plugins/cimg_ipl.h
223 silly gunzTarPerm modified mode [ 'addon/jpeglib/plugins/cimg_ipl.h', 420, 438 ]
224 silly gunzTarPerm extractEntry addon/jpeglib/plugins/cimgmatlab.h
225 silly gunzTarPerm modified mode [ 'addon/jpeglib/plugins/cimgmatlab.h', 420, 438 ]
226 silly gunzTarPerm extractEntry addon/jpeglib/plugins/draw_gradient.h
227 silly gunzTarPerm modified mode [ 'addon/jpeglib/plugins/draw_gradient.h', 420, 438 ]
228 silly gunzTarPerm extractEntry addon/jpeglib/plugins/cimgIPL.h
229 silly gunzTarPerm modified mode [ 'addon/jpeglib/plugins/cimgIPL.h', 420, 438 ]
230 silly gunzTarPerm extractEntry addon/jpeglib/plugins/loop_macros.h
231 silly gunzTarPerm modified mode [ 'addon/jpeglib/plugins/loop_macros.h', 420, 438 ]
232 silly gunzTarPerm extractEntry addon/jpeglib/plugins/nlmeans.h
233 silly gunzTarPerm modified mode [ 'addon/jpeglib/plugins/nlmeans.h', 420, 438 ]
234 silly gunzTarPerm extractEntry addon/jpeglib/plugins/skeleton.h
235 silly gunzTarPerm modified mode [ 'addon/jpeglib/plugins/skeleton.h', 420, 438 ]
236 silly gunzTarPerm extractEntry addon/jpeglib/plugins/vrml.h
237 silly gunzTarPerm modified mode [ 'addon/jpeglib/plugins/vrml.h', 420, 438 ]
238 silly gunzTarPerm extractEntry addon/jpeglib/plugins/vtk.h
239 silly gunzTarPerm modified mode [ 'addon/jpeglib/plugins/vtk.h', 420, 438 ]
240 silly gunzTarPerm extractEntry addon/jpeglib/resources/compile_win_icl.bat
241 silly gunzTarPerm modified mode [ 'addon/jpeglib/resources/compile_win_icl.bat', 420, 438 ]
242 silly gunzTarPerm extractEntry addon/jpeglib/resources/compile_win_visualcpp.bat
243 silly gunzTarPerm modified mode [ 'addon/jpeglib/resources/compile_win_visualcpp.bat', 420, 438 ]
244 silly gunzTarPerm extractEntry addon/jpeglib/transupp.h
245 silly gunzTarPerm modified mode [ 'addon/jpeglib/transupp.h', 420, 438 ]
246 silly gunzTarPerm extractEntry addon/libjpeg.dll
247 silly gunzTarPerm modified mode [ 'addon/libjpeg.dll', 420, 438 ]
248 silly gunzTarPerm extractEntry readme.md
249 silly gunzTarPerm modified mode [ 'readme.md', 420, 438 ]
250 silly gunzTarPerm extractEntry benchmark/generate.js
251 silly gunzTarPerm modified mode [ 'benchmark/generate.js', 420, 438 ]
252 silly gunzTarPerm extractEntry example/custom_get.js
253 silly gunzTarPerm modified mode [ 'example/custom_get.js', 420, 438 ]
254 silly gunzTarPerm extractEntry example/custom_get2.js
255 silly gunzTarPerm modified mode [ 'example/custom_get2.js', 420, 438 ]
256 silly gunzTarPerm extractEntry example/default_get.js
257 silly gunzTarPerm modified mode [ 'example/default_get.js', 420, 438 ]
258 silly gunzTarPerm extractEntry example/web_example.js
259 silly gunzTarPerm modified mode [ 'example/web_example.js', 420, 438 ]
260 verbose write writing to D:\workspace\zrcv\node_modules\ccap\package.json
261 info preinstall ccap@0.6.0
262 verbose unsafe-perm in lifecycle true
263 verbose readDependencies loading dependencies from D:\workspace\zrcv\node_modules\ccap\package.json
264 silly prepareForInstallMany adding node-schedule@0.1.13 from ccap dependencies
265 silly prepareForInstallMany adding nan@1.7.0 from ccap dependencies
266 verbose readDependencies loading dependencies from D:\workspace\zrcv\node_modules\ccap\package.json
267 silly cache add args [ 'node-schedule@0.1.13', null ]
268 verbose cache add spec node-schedule@0.1.13
269 silly cache add args [ 'nan@1.7.0', null ]
270 verbose cache add spec nan@1.7.0
271 silly cache add parsed spec { raw: 'node-schedule@0.1.13',
271 silly cache add   scope: null,
271 silly cache add   name: 'node-schedule',
271 silly cache add   rawSpec: '0.1.13',
271 silly cache add   spec: '0.1.13',
271 silly cache add   type: 'version' }
272 silly addNamed node-schedule@0.1.13
273 verbose addNamed "0.1.13" is a plain semver version for node-schedule
274 silly mapToRegistry name node-schedule
275 silly mapToRegistry using default registry
276 silly mapToRegistry registry https://registry.npmjs.org/
277 silly mapToRegistry uri https://registry.npmjs.org/node-schedule
278 verbose addNameVersion registry:https://registry.npmjs.org/node-schedule not in flight; fetching
279 silly cache add parsed spec { raw: 'nan@1.7.0',
279 silly cache add   scope: null,
279 silly cache add   name: 'nan',
279 silly cache add   rawSpec: '1.7.0',
279 silly cache add   spec: '1.7.0',
279 silly cache add   type: 'version' }
280 silly addNamed nan@1.7.0
281 verbose addNamed "1.7.0" is a plain semver version for nan
282 silly mapToRegistry name nan
283 silly mapToRegistry using default registry
284 silly mapToRegistry registry https://registry.npmjs.org/
285 silly mapToRegistry uri https://registry.npmjs.org/nan
286 verbose addNameVersion registry:https://registry.npmjs.org/nan not in flight; fetching
287 verbose request uri https://registry.npmjs.org/nan
288 verbose request no auth needed
289 info attempt registry request try #1 at 08:48:03
290 verbose etag "1L4RU1AM541YSVP1YQFXG1Y1J"
291 http request GET https://registry.npmjs.org/nan
292 verbose request uri https://registry.npmjs.org/node-schedule
293 verbose request no auth needed
294 info attempt registry request try #1 at 08:48:03
295 verbose etag "3MNR8YFIA87TFB9SJCXRM5OJ9"
296 http request GET https://registry.npmjs.org/node-schedule
297 http 304 https://registry.npmjs.org/node-schedule
298 silly get cb [ 304,
298 silly get   { date: 'Mon, 28 Sep 2015 00:48:04 GMT',
298 silly get     via: '1.1 varnish',
298 silly get     'cache-control': 'max-age=60',
298 silly get     etag: '"3MNR8YFIA87TFB9SJCXRM5OJ9"',
298 silly get     age: '53',
298 silly get     connection: 'keep-alive',
298 silly get     'x-served-by': 'cache-nrt6129-NRT',
298 silly get     'x-cache': 'HIT',
298 silly get     'x-cache-hits': '2',
298 silly get     'x-timer': 'S1443401284.746539,VS0,VE0',
298 silly get     vary: 'Accept' } ]
299 verbose etag https://registry.npmjs.org/node-schedule from cache
300 verbose get saving node-schedule to C:\Users\Administrator\AppData\Roaming\npm-cache\registry.npmjs.org\node-schedule\.cache.json
301 silly cache afterAdd node-schedule@0.1.13
302 verbose afterAdd C:\Users\Administrator\AppData\Roaming\npm-cache\node-schedule\0.1.13\package\package.json not in flight; writing
303 verbose afterAdd C:\Users\Administrator\AppData\Roaming\npm-cache\node-schedule\0.1.13\package\package.json written
304 http 304 https://registry.npmjs.org/nan
305 silly get cb [ 304,
305 silly get   { date: 'Mon, 28 Sep 2015 00:48:04 GMT',
305 silly get     via: '1.1 varnish',
305 silly get     'cache-control': 'max-age=60',
305 silly get     etag: '"1L4RU1AM541YSVP1YQFXG1Y1J"',
305 silly get     age: '54',
305 silly get     connection: 'keep-alive',
305 silly get     'x-served-by': 'cache-nrt6134-NRT',
305 silly get     'x-cache': 'HIT',
305 silly get     'x-cache-hits': '2',
305 silly get     'x-timer': 'S1443401284.940783,VS0,VE0',
305 silly get     vary: 'Accept' } ]
306 verbose etag https://registry.npmjs.org/nan from cache
307 verbose get saving nan to C:\Users\Administrator\AppData\Roaming\npm-cache\registry.npmjs.org\nan\.cache.json
308 silly cache afterAdd nan@1.7.0
309 verbose afterAdd C:\Users\Administrator\AppData\Roaming\npm-cache\nan\1.7.0\package\package.json not in flight; writing
310 verbose afterAdd C:\Users\Administrator\AppData\Roaming\npm-cache\nan\1.7.0\package\package.json written
311 silly install resolved [ { name: 'node-schedule',
311 silly install resolved     version: '0.1.13',
311 silly install resolved     description: 'A cron-like and not-cron-like job scheduler for Node.',
311 silly install resolved     keywords: [ 'schedule', 'task', 'job', 'cron' ],
311 silly install resolved     author:
311 silly install resolved      { name: 'Matt Patenaude',
311 silly install resolved        email: 'matt@mattpatenaude.com',
311 silly install resolved        url: 'http://mattpatenaude.com' },
311 silly install resolved     main: './lib/schedule.js',
311 silly install resolved     scripts: { test: 'nodeunit test' },
311 silly install resolved     repository:
311 silly install resolved      { type: 'git',
311 silly install resolved        url: 'git+https://github.com/mattpat/node-schedule.git' },
311 silly install resolved     devDependencies: { nodeunit: '~0.8.1' },
311 silly install resolved     bugs: { url: 'https://github.com/mattpat/node-schedule/issues' },
311 silly install resolved     _id: 'node-schedule@0.1.13',
311 silly install resolved     dist:
311 silly install resolved      { shasum: '6370ce11c87ff13dfc2c4163e393872ec2a8ee80',
311 silly install resolved        tarball: 'http://registry.npmjs.org/node-schedule/-/node-schedule-0.1.13.tgz' },
311 silly install resolved     _from: 'node-schedule@0.1.13',
311 silly install resolved     _npmVersion: '1.3.11',
311 silly install resolved     _npmUser: { name: 'mattpat', email: 'matt@mattpatenaude.com' },
311 silly install resolved     maintainers: [ [Object] ],
311 silly install resolved     directories: {},
311 silly install resolved     _shasum: '6370ce11c87ff13dfc2c4163e393872ec2a8ee80',
311 silly install resolved     _resolved: 'https://registry.npmjs.org/node-schedule/-/node-schedule-0.1.13.tgz',
311 silly install resolved     readme: 'ERROR: No README data found!',
311 silly install resolved     homepage: 'https://github.com/mattpat/node-schedule#readme' },
311 silly install resolved   { name: 'nan',
311 silly install resolved     version: '1.7.0',
311 silly install resolved     description: 'Native Abstractions for Node.js: C++ header for Node 0.8->0.12 compatibility',
311 silly install resolved     main: 'include_dirs.js',
311 silly install resolved     repository: { type: 'git', url: 'git://github.com/rvagg/nan.git' },
311 silly install resolved     scripts:
311 silly install resolved      { test: 'tap --gc test/js/*-test.js',
311 silly install resolved        'rebuild-tests': 'pangyp rebuild --directory test' },
311 silly install resolved     contributors:
311 silly install resolved      [ [Object],
311 silly install resolved        [Object],
311 silly install resolved        [Object],
311 silly install resolved        [Object],
311 silly install resolved        [Object],
311 silly install resolved        [Object],
311 silly install resolved        [Object] ],
311 silly install resolved     devDependencies:
311 silly install resolved      { bindings: '~1.2.1',
311 silly install resolved        'node-gyp': '~1.0.2',
311 silly install resolved        pangyp: '~2.0.1',
311 silly install resolved        tap: '~0.5.0',
311 silly install resolved        xtend: '~4.0.0' },
311 silly install resolved     license: 'MIT',
311 silly install resolved     gitHead: '550efb5dde5cb6bf79db87ab48dce850e56e971a',
311 silly install resolved     bugs: { url: 'https://github.com/rvagg/nan/issues' },
311 silly install resolved     homepage: 'https://github.com/rvagg/nan',
311 silly install resolved     _id: 'nan@1.7.0',
311 silly install resolved     _shasum: '755b997404e83cbe7bc08bc3c5c56291bce87438',
311 silly install resolved     _from: 'nan@1.7.0',
311 silly install resolved     _npmVersion: '2.5.1',
311 silly install resolved     _nodeVersion: '0.12.0',
311 silly install resolved     _npmUser: { name: 'kkoopa', email: 'bbyholm@abo.fi' },
311 silly install resolved     maintainers: [ [Object], [Object] ],
311 silly install resolved     dist:
311 silly install resolved      { shasum: '755b997404e83cbe7bc08bc3c5c56291bce87438',
311 silly install resolved        tarball: 'http://registry.npmjs.org/nan/-/nan-1.7.0.tgz' },
311 silly install resolved     directories: {},
311 silly install resolved     _resolved: 'https://registry.npmjs.org/nan/-/nan-1.7.0.tgz',
311 silly install resolved     readme: 'ERROR: No README data found!' } ]
312 info install node-schedule@0.1.13 into D:\workspace\zrcv\node_modules\ccap
313 info install nan@1.7.0 into D:\workspace\zrcv\node_modules\ccap
314 info installOne node-schedule@0.1.13
315 verbose installOne of node-schedule to D:\workspace\zrcv\node_modules\ccap not in flight; installing
316 info installOne nan@1.7.0
317 verbose installOne of nan to D:\workspace\zrcv\node_modules\ccap not in flight; installing
318 verbose lock using C:\Users\Administrator\AppData\Roaming\npm-cache\_locks\node-schedule-ef464c92a40eef27.lock for D:\workspace\zrcv\node_modules\ccap\node_modules\node-schedule
319 verbose lock using C:\Users\Administrator\AppData\Roaming\npm-cache\_locks\nan-17290b828254cfd2.lock for D:\workspace\zrcv\node_modules\ccap\node_modules\nan
320 silly install write writing node-schedule 0.1.13 to D:\workspace\zrcv\node_modules\ccap\node_modules\node-schedule
321 silly install write writing nan 1.7.0 to D:\workspace\zrcv\node_modules\ccap\node_modules\nan
322 verbose unbuild node_modules\ccap\node_modules\node-schedule
323 verbose unbuild node_modules\ccap\node_modules\nan
324 silly gentlyRm D:\workspace\zrcv\node_modules\ccap\node_modules\node-schedule is being purged from base D:\workspace\zrcv
325 verbose gentlyRm don't care about contents; nuking D:\workspace\zrcv\node_modules\ccap\node_modules\node-schedule
326 silly gentlyRm D:\workspace\zrcv\node_modules\ccap\node_modules\nan is being purged from base D:\workspace\zrcv
327 verbose gentlyRm don't care about contents; nuking D:\workspace\zrcv\node_modules\ccap\node_modules\nan
328 verbose tar unpack C:\Users\Administrator\AppData\Roaming\npm-cache\node-schedule\0.1.13\package.tgz
329 verbose tar unpacking to D:\workspace\zrcv\node_modules\ccap\node_modules\node-schedule
330 silly gentlyRm D:\workspace\zrcv\node_modules\ccap\node_modules\node-schedule is being purged
331 verbose gentlyRm don't care about contents; nuking D:\workspace\zrcv\node_modules\ccap\node_modules\node-schedule
332 verbose tar unpack C:\Users\Administrator\AppData\Roaming\npm-cache\nan\1.7.0\package.tgz
333 verbose tar unpacking to D:\workspace\zrcv\node_modules\ccap\node_modules\nan
334 silly gentlyRm D:\workspace\zrcv\node_modules\ccap\node_modules\nan is being purged
335 verbose gentlyRm don't care about contents; nuking D:\workspace\zrcv\node_modules\ccap\node_modules\nan
336 silly gunzTarPerm modes [ '777', '666' ]
337 silly gunzTarPerm modes [ '777', '666' ]
338 silly gunzTarPerm extractEntry package.json
339 silly gunzTarPerm modified mode [ 'package.json', 420, 438 ]
340 silly gunzTarPerm extractEntry package.json
341 silly gunzTarPerm modified mode [ 'package.json', 436, 438 ]
342 silly gunzTarPerm extractEntry .npmignore
343 silly gunzTarPerm modified mode [ '.npmignore', 420, 438 ]
344 silly gunzTarPerm extractEntry README.md
345 silly gunzTarPerm modified mode [ 'README.md', 420, 438 ]
346 silly gunzTarPerm extractEntry include_dirs.js
347 silly gunzTarPerm modified mode [ 'include_dirs.js', 436, 438 ]
348 silly gunzTarPerm extractEntry LICENSE.md
349 silly gunzTarPerm modified mode [ 'LICENSE.md', 436, 438 ]
350 silly gunzTarPerm extractEntry lib/increment.js
351 silly gunzTarPerm modified mode [ 'lib/increment.js', 420, 438 ]
352 silly gunzTarPerm extractEntry lib/schedule.js
353 silly gunzTarPerm modified mode [ 'lib/schedule.js', 420, 438 ]
354 silly gunzTarPerm extractEntry .dntrc
355 silly gunzTarPerm modified mode [ '.dntrc', 436, 438 ]
356 silly gunzTarPerm extractEntry appveyor.yml
357 silly gunzTarPerm modified mode [ 'appveyor.yml', 436, 438 ]
358 silly gunzTarPerm extractEntry nan.h
359 silly gunzTarPerm modified mode [ 'nan.h', 436, 438 ]
360 silly gunzTarPerm extractEntry nan_implementation_12_inl.h
361 silly gunzTarPerm modified mode [ 'nan_implementation_12_inl.h', 436, 438 ]
362 silly gunzTarPerm extractEntry nan_implementation_pre_12_inl.h
363 silly gunzTarPerm modified mode [ 'nan_implementation_pre_12_inl.h', 436, 438 ]
364 silly gunzTarPerm extractEntry nan_new.h
365 silly gunzTarPerm modified mode [ 'nan_new.h', 436, 438 ]
366 silly gunzTarPerm extractEntry nan_string_bytes.h
367 silly gunzTarPerm modified mode [ 'nan_string_bytes.h', 436, 438 ]
368 silly gunzTarPerm extractEntry CHANGELOG.md
369 silly gunzTarPerm modified mode [ 'CHANGELOG.md', 436, 438 ]
370 silly gunzTarPerm extractEntry test/convenience-method-test.js
371 silly gunzTarPerm modified mode [ 'test/convenience-method-test.js', 420, 438 ]
372 silly gunzTarPerm extractEntry test/date-convenience-methods-test.js
373 silly gunzTarPerm modified mode [ 'test/date-convenience-methods-test.js', 420, 438 ]
374 silly gunzTarPerm extractEntry test/job-test.js
375 silly gunzTarPerm modified mode [ 'test/job-test.js', 420, 438 ]
376 silly gunzTarPerm extractEntry test/range-test.js
377 silly gunzTarPerm modified mode [ 'test/range-test.js', 420, 438 ]
378 silly gunzTarPerm extractEntry test/recurrence-rule-test.js
379 silly gunzTarPerm modified mode [ 'test/recurrence-rule-test.js', 420, 438 ]
380 verbose write writing to D:\workspace\zrcv\node_modules\ccap\node_modules\node-schedule\package.json
381 info preinstall node-schedule@0.1.13
382 verbose readDependencies loading dependencies from D:\workspace\zrcv\node_modules\ccap\node_modules\node-schedule\package.json
383 verbose readDependencies loading dependencies from D:\workspace\zrcv\node_modules\ccap\node_modules\node-schedule\package.json
384 silly install resolved []
385 verbose about to build D:\workspace\zrcv\node_modules\ccap\node_modules\node-schedule
386 info build D:\workspace\zrcv\node_modules\ccap\node_modules\node-schedule
387 info linkStuff node-schedule@0.1.13
388 silly linkStuff node-schedule@0.1.13 has D:\workspace\zrcv\node_modules\ccap\node_modules as its parent node_modules
389 verbose linkBins node-schedule@0.1.13
390 verbose linkMans node-schedule@0.1.13
391 verbose rebuildBundles node-schedule@0.1.13
392 info install node-schedule@0.1.13
393 info postinstall node-schedule@0.1.13
394 verbose unlock done using C:\Users\Administrator\AppData\Roaming\npm-cache\_locks\node-schedule-ef464c92a40eef27.lock for D:\workspace\zrcv\node_modules\ccap\node_modules\node-schedule
395 verbose write writing to D:\workspace\zrcv\node_modules\ccap\node_modules\nan\package.json
396 info preinstall nan@1.7.0
397 verbose readDependencies loading dependencies from D:\workspace\zrcv\node_modules\ccap\node_modules\nan\package.json
398 verbose readDependencies loading dependencies from D:\workspace\zrcv\node_modules\ccap\node_modules\nan\package.json
399 silly install resolved []
400 verbose about to build D:\workspace\zrcv\node_modules\ccap\node_modules\nan
401 info build D:\workspace\zrcv\node_modules\ccap\node_modules\nan
402 info linkStuff nan@1.7.0
403 silly linkStuff nan@1.7.0 has D:\workspace\zrcv\node_modules\ccap\node_modules as its parent node_modules
404 verbose linkBins nan@1.7.0
405 verbose linkMans nan@1.7.0
406 verbose rebuildBundles nan@1.7.0
407 info install nan@1.7.0
408 info postinstall nan@1.7.0
409 verbose unlock done using C:\Users\Administrator\AppData\Roaming\npm-cache\_locks\nan-17290b828254cfd2.lock for D:\workspace\zrcv\node_modules\ccap\node_modules\nan
410 verbose about to build D:\workspace\zrcv\node_modules\ccap
411 info build D:\workspace\zrcv\node_modules\ccap
412 info linkStuff ccap@0.6.0
413 silly linkStuff ccap@0.6.0 has D:\workspace\zrcv\node_modules as its parent node_modules
414 verbose linkBins ccap@0.6.0
415 verbose linkMans ccap@0.6.0
416 verbose rebuildBundles ccap@0.6.0
417 verbose rebuildBundles [ 'nan', 'node-schedule' ]
418 info install ccap@0.6.0
419 verbose unsafe-perm in lifecycle true
420 info ccap@0.6.0 Failed to exec install script
421 verbose unlock done using C:\Users\Administrator\AppData\Roaming\npm-cache\_locks\ccap-d8895821defe5896.lock for D:\workspace\zrcv\node_modules\ccap
422 verbose stack Error: ccap@0.6.0 install: `node-gyp rebuild`
422 verbose stack Exit status 1
422 verbose stack     at EventEmitter.<anonymous> (C:\Program Files\nodejs\node_modules\npm\lib\utils\lifecycle.js:213:16)
422 verbose stack     at EventEmitter.emit (events.js:110:17)
422 verbose stack     at ChildProcess.<anonymous> (C:\Program Files\nodejs\node_modules\npm\lib\utils\spawn.js:24:14)
422 verbose stack     at ChildProcess.emit (events.js:110:17)
422 verbose stack     at maybeClose (child_process.js:1015:16)
422 verbose stack     at Process.ChildProcess._handle.onexit (child_process.js:1087:5)
423 verbose pkgid ccap@0.6.0
424 verbose cwd D:\workspace\zrcv
425 error Windows_NT 6.1.7601
426 error argv "C:\\Program Files\\nodejs\\\\node.exe" "C:\\Program Files\\nodejs\\node_modules\\npm\\bin\\npm-cli.js" "install" "ccap"
427 error node v0.12.7
428 error npm  v2.11.3
429 error code ELIFECYCLE
430 error ccap@0.6.0 install: `node-gyp rebuild`
430 error Exit status 1
431 error Failed at the ccap@0.6.0 install script 'node-gyp rebuild'.
431 error This is most likely a problem with the ccap package,
431 error not with npm itself.
431 error Tell the author that this fails on your system:
431 error     node-gyp rebuild
431 error You can get their info via:
431 error     npm owner ls ccap
431 error There is likely additional logging output above.
432 verbose exit [ 1, true ]
433 verbose unbuild node_modules\ccap
434 info preuninstall ccap@0.6.0
435 info uninstall ccap@0.6.0
436 verbose unbuild rmStuff ccap@0.6.0 from D:\workspace\zrcv\node_modules
437 info postuninstall ccap@0.6.0
438 silly gentlyRm D:\workspace\zrcv\node_modules\ccap is being purged from base D:\workspace\zrcv
439 verbose gentlyRm don't care about contents; nuking D:\workspace\zrcv\node_modules\ccap
440 silly vacuum-fs purging D:\workspace\zrcv\node_modules\ccap
441 silly vacuum-fs quitting because other entries in D:\workspace\zrcv\node_modules
